2024/03/04 13:16:02 Starting Build CCVI
2024/03/04 13:16:02 Table ccvi created successfully
2024/03/04 13:16:02 Making API call: https://data.cityofchicago.org/resource/xhc6-88s9.json
2024/03/04 13:16:03 Response: 200 OK
2024/03/04 13:16:03 Completed API pull.
2024/03/04 13:16:03 Number of CCVI records: 135
2024/03/04 13:16:03 Starting pipeline to clean data and write to PostgreSQL.
2024/03/04 13:16:03 Skipping record CA-70. Already exists in database.
2024/03/04 13:16:03 Skipping record ZIP-60625. Already exists in database.
2024/03/04 13:16:03 Skipping record CA-1. Already exists in database.
2024/03/04 13:16:03 Skipping record ZIP-60612. Already exists in database.
2024/03/04 13:16:03 Skipping record ZIP-60641. Already exists in database.
2024/03/04 13:16:03 Skipping record CA-6. Already exists in database.
2024/03/04 13:16:03 Skipping record ZIP-60646. Already exists in database.
2024/03/04 13:16:03 Skipping record CA-11. Already exists in database.
2024/03/04 13:16:03 Skipping record CA-57. Already exists in database.
2024/03/04 13:16:03 Skipping record CA-43. Already exists in database.
2024/03/04 13:16:03 Skipping record CA-25. Already exists in database.
2024/03/04 13:16:03 Skipping record CA-38. Already exists in database.
2024/03/04 13:16:03 Skipping record CA-26. Already exists in database.
2024/03/04 13:16:03 Skipping record CA-53. Already exists in database.
2024/03/04 13:16:03 Skipping record CA-15. Already exists in database.
2024/03/04 13:16:03 Skipping record ZIP-60636. Already exists in database.
2024/03/04 13:16:03 Skipping record ZIP-60653. Already exists in database.
2024/03/04 13:16:03 Skipping record CA-21. Already exists in database.
2024/03/04 13:16:03 Skipping record CA-47. Already exists in database.
2024/03/04 13:16:03 Skipping record ZIP-60617. Already exists in database.
2024/03/04 13:16:03 Skipping record CA-58. Already exists in database.
2024/03/04 13:16:03 Skipping record ZIP-60602. Already exists in database.
2024/03/04 13:16:03 Skipping record CA-30. Already exists in database.
2024/03/04 13:16:03 Skipping record ZIP-60631. Already exists in database.
2024/03/04 13:16:03 Skipping record ZIP-60647. Already exists in database.
2024/03/04 13:16:03 Skipping record ZIP-60608. Already exists in database.
2024/03/04 13:16:03 Skipping record CA-62. Already exists in database.
2024/03/04 13:16:03 Skipping record ZIP-60661. Already exists in database.
2024/03/04 13:16:03 Skipping record ZIP-60613. Already exists in database.
2024/03/04 13:16:03 Skipping record ZIP-60707. Already exists in database.
2024/03/04 13:16:03 Skipping record ZIP-60642. Already exists in database.
2024/03/04 13:16:03 Skipping record CA-2. Already exists in database.
2024/03/04 13:16:03 Skipping record CA-75. Already exists in database.
2024/03/04 13:16:03 Skipping record CA-7. Already exists in database.
2024/03/04 13:16:03 Skipping record CA-61. Already exists in database.
2024/03/04 13:16:03 Skipping record ZIP-60643. Already exists in database.
2024/03/04 13:16:03 Skipping record ZIP-60609. Already exists in database.
2024/03/04 13:16:03 Skipping record ZIP-60626. Already exists in database.
2024/03/04 13:16:03 Skipping record CA-29. Already exists in database.
2024/03/04 13:16:03 Skipping record CA-39. Already exists in database.
2024/03/04 13:16:03 Skipping record CA-71. Already exists in database.
2024/03/04 13:16:03 Skipping record CA-22. Already exists in database.
2024/03/04 13:16:03 Skipping record CA-34. Already exists in database.
2024/03/04 13:16:03 Skipping record ZIP-60616. Already exists in database.
2024/03/04 13:16:03 Skipping record CA-66. Already exists in database.
2024/03/04 13:16:03 Skipping record ZIP-60621. Already exists in database.
2024/03/04 13:16:03 Skipping record CA-10. Already exists in database.
2024/03/04 13:16:03 Skipping record CA-54. Already exists in database.
2024/03/04 13:16:03 Skipping record ZIP-60634. Already exists in database.
2024/03/04 13:16:03 Skipping record ZIP-60652. Already exists in database.
2024/03/04 13:16:03 Skipping record ZIP-60601. Already exists in database.
2024/03/04 13:16:03 Skipping record ZIP-60620. Already exists in database.
2024/03/04 13:16:03 Skipping record CA-14. Already exists in database.
2024/03/04 13:16:03 Skipping record ZIP-60657. Already exists in database.
2024/03/04 13:16:03 Skipping record CA-42. Already exists in database.
2024/03/04 13:16:03 Skipping record ZIP-60827. Already exists in database.
2024/03/04 13:16:03 Skipping record CA-74. Already exists in database.
2024/03/04 13:16:03 Skipping record ZIP-60656. Already exists in database.
2024/03/04 13:16:03 Skipping record ZIP-60630. Already exists in database.
2024/03/04 13:16:03 Skipping record CA-3. Already exists in database.
2024/03/04 13:16:03 Skipping record CA-33. Already exists in database.
2024/03/04 13:16:03 Skipping record CA-35. Already exists in database.
2024/03/04 13:16:03 Skipping record CA-46. Already exists in database.
2024/03/04 13:16:03 Skipping record CA-65. Already exists in database.
2024/03/04 13:16:03 Skipping record CA-18. Already exists in database.
2024/03/04 13:16:03 Skipping record CA-23. Already exists in database.
2024/03/04 13:16:03 Skipping record CA-45. Already exists in database.
2024/03/04 13:16:03 Skipping record CA-60. Already exists in database.
2024/03/04 13:16:03 Skipping record ZIP-60644. Already exists in database.
2024/03/04 13:16:03 Skipping record CA-28. Already exists in database.
2024/03/04 13:16:03 Skipping record CA-72. Already exists in database.
2024/03/04 13:16:03 Skipping record CA-13. Already exists in database.
2024/03/04 13:16:03 Skipping record CA-55. Already exists in database.
2024/03/04 13:16:03 Skipping record CA-50. Already exists in database.
2024/03/04 13:16:03 Skipping record ZIP-60610. Already exists in database.
2024/03/04 13:16:03 Skipping record ZIP-60639. Already exists in database.
2024/03/04 13:16:03 Skipping record ZIP-60605. Already exists in database.
2024/03/04 13:16:03 Skipping record CA-77. Already exists in database.
2024/03/04 13:16:03 Skipping record CA-8. Already exists in database.
2024/03/04 13:16:03 Skipping record CA-40. Already exists in database.
2024/03/04 13:16:03 Skipping record ZIP-60622. Already exists in database.
2024/03/04 13:16:03 Skipping record ZIP-60628. Already exists in database.
2024/03/04 13:16:03 Skipping record ZIP-60615. Already exists in database.
2024/03/04 13:16:03 Skipping record CA-67. Already exists in database.
2024/03/04 13:16:03 Skipping record ZIP-60633. Already exists in database.
2024/03/04 13:16:03 Skipping record ZIP-60659. Already exists in database.
2024/03/04 13:16:03 Skipping record CA-4. Already exists in database.
2024/03/04 13:16:03 Skipping record ZIP-60604. Already exists in database.
2024/03/04 13:16:03 Skipping record CA-36. Already exists in database.
2024/03/04 13:16:03 Skipping record ZIP-60638. Already exists in database.
2024/03/04 13:16:03 Skipping record ZIP-60651. Already exists in database.
2024/03/04 13:16:03 Skipping record CA-49. Already exists in database.
2024/03/04 13:16:03 Skipping record CA-64. Already exists in database.
2024/03/04 13:16:03 Skipping record CA-19. Already exists in database.
2024/03/04 13:16:03 Skipping record ZIP-60619. Already exists in database.
2024/03/04 13:16:03 Skipping record CA-51. Already exists in database.
2024/03/04 13:16:03 Skipping record CA-68. Already exists in database.
2024/03/04 13:16:03 Skipping record CA-17. Already exists in database.
2024/03/04 13:16:03 Skipping record ZIP-60655. Already exists in database.
2024/03/04 13:16:03 Skipping record CA-32. Already exists in database.
2024/03/04 13:16:03 Skipping record CA-12. Already exists in database.
2024/03/04 13:16:03 Skipping record CA-73. Already exists in database.
2024/03/04 13:16:03 Skipping record CA-44. Already exists in database.
2024/03/04 13:16:03 Skipping record ZIP-60623. Already exists in database.
2024/03/04 13:16:03 Skipping record ZIP-60611. Already exists in database.
2024/03/04 13:16:03 Skipping record ZIP-60629. Already exists in database.
2024/03/04 13:16:03 Skipping record CA-41. Already exists in database.
2024/03/04 13:16:03 Skipping record CA-27. Already exists in database.
2024/03/04 13:16:03 Skipping record CA-56. Already exists in database.
2024/03/04 13:16:03 Skipping record ZIP-60640. Already exists in database.
2024/03/04 13:16:04 Skipping record CA-24. Already exists in database.
2024/03/04 13:16:04 Skipping record CA-9. Already exists in database.
2024/03/04 13:16:04 Skipping record CA-76. Already exists in database.
2024/03/04 13:16:04 Skipping record ZIP-60645. Already exists in database.
2024/03/04 13:16:04 Skipping record CA-59. Already exists in database.
2024/03/04 13:16:04 Skipping record ZIP-60606. Already exists in database.
2024/03/04 13:16:04 Skipping record CA-37. Already exists in database.
2024/03/04 13:16:04 Skipping record CA-31. Already exists in database.
2024/03/04 13:16:04 Skipping record CA-52. Already exists in database.
2024/03/04 13:16:04 Skipping record CA-20. Already exists in database.
2024/03/04 13:16:04 Skipping record ZIP-60632. Already exists in database.
2024/03/04 13:16:04 Skipping record CA-5. Already exists in database.
2024/03/04 13:16:04 Skipping record ZIP-60654. Already exists in database.
2024/03/04 13:16:04 Skipping record ZIP-60603. Already exists in database.
2024/03/04 13:16:04 Skipping record ZIP-60618. Already exists in database.
2024/03/04 13:16:04 Skipping record ZIP-60660. Already exists in database.
2024/03/04 13:16:04 Skipping record CA-48. Already exists in database.
2024/03/04 13:16:04 Skipping record CA-16. Already exists in database.
2024/03/04 13:16:04 Skipping record CA-69. Already exists in database.
2024/03/04 13:16:04 Skipping record CA-63. Already exists in database.
2024/03/04 13:16:04 Skipping record ZIP-60614. Already exists in database.
2024/03/04 13:16:04 Skipping record ZIP-60637. Already exists in database.
2024/03/04 13:16:04 Skipping record ZIP-60649. Already exists in database.
2024/03/04 13:16:04 Skipping record ZIP-60607. Already exists in database.
2024/03/04 13:16:04 Skipping record ZIP-60624. Already exists in database.
2024/03/04 13:16:04 Finished Build CCVI
