2024/03/04 13:16:02 Starting Build Covid
2024/03/04 13:16:02 Table covid19_cases created successfully
2024/03/04 13:16:02 Making API call: https://data.cityofchicago.org/resource/yhhz-zm2v.json?$limit=1000&$offset=0
2024/03/04 13:16:02 Making API call: https://data.cityofchicago.org/resource/yhhz-zm2v.json?$limit=1000&$offset=9000
2024/03/04 13:16:02 Making API call: https://data.cityofchicago.org/resource/yhhz-zm2v.json?$limit=1000&$offset=1000
2024/03/04 13:16:02 Making API call: https://data.cityofchicago.org/resource/yhhz-zm2v.json?$limit=1000&$offset=2000
2024/03/04 13:16:02 Making API call: https://data.cityofchicago.org/resource/yhhz-zm2v.json?$limit=1000&$offset=3000
2024/03/04 13:16:02 Making API call: https://data.cityofchicago.org/resource/yhhz-zm2v.json?$limit=1000&$offset=4000
2024/03/04 13:16:02 Making API call: https://data.cityofchicago.org/resource/yhhz-zm2v.json?$limit=1000&$offset=5000
2024/03/04 13:16:02 Making API call: https://data.cityofchicago.org/resource/yhhz-zm2v.json?$limit=1000&$offset=6000
2024/03/04 13:16:02 Making API call: https://data.cityofchicago.org/resource/yhhz-zm2v.json?$limit=1000&$offset=7000
2024/03/04 13:16:02 Making API call: https://data.cityofchicago.org/resource/yhhz-zm2v.json?$limit=1000&$offset=8000
2024/03/04 13:16:03 Response: 200 OK
2024/03/04 13:16:03 Response: 200 OK
2024/03/04 13:16:03 Response: 200 OK
2024/03/04 13:16:03 Response: 200 OK
2024/03/04 13:16:03 Response: 200 OK
2024/03/04 13:16:03 Response: 200 OK
2024/03/04 13:16:03 Response: 200 OK
2024/03/04 13:16:03 Response: 200 OK
2024/03/04 13:16:03 Response: 200 OK
2024/03/04 13:16:03 Response: 200 OK
2024/03/04 13:16:03 Completed API pull.
2024/03/04 13:16:03 Number of covid cases records: 10000
2024/03/04 13:16:03 Starting pipeline to clean data and write to PostgreSQL.
2024/03/04 13:16:03 Skipping record 60615-2024-5. Already exists in database.
2024/03/04 13:16:03 Skipping record 60608-2023-40. Already exists in database.
2024/03/04 13:16:03 Skipping record 60608-2023-41. Already exists in database.
2024/03/04 13:16:03 Skipping record 60608-2023-42. Already exists in database.
2024/03/04 13:16:04 Skipping record 60608-2023-52. Already exists in database.
2024/03/04 13:16:04 Skipping record 60609-2024-5. Already exists in database.
2024/03/04 13:16:04 Skipping record 60610-2021-41. Already exists in database.
2024/03/04 13:16:04 Skipping record 60619-2024-4. Already exists in database.
2024/03/04 13:16:04 Skipping record 60610-2022-11. Already exists in database.
2024/03/04 13:16:04 Skipping record 60619-2024-5. Already exists in database.
2024/03/04 13:16:04 Skipping record 60610-2022-12. Already exists in database.
2024/03/04 13:16:04 Skipping record 60610-2022-13. Already exists in database.
2024/03/04 13:16:04 Skipping record 60610-2022-14. Already exists in database.
2024/03/04 13:16:04 Skipping record 60610-2022-15. Already exists in database.
2024/03/04 13:16:04 Skipping record 60610-2022-16. Already exists in database.
2024/03/04 13:16:04 Skipping record 60610-2022-17. Already exists in database.
2024/03/04 13:16:04 Skipping record 60610-2022-18. Already exists in database.
2024/03/04 13:16:04 Skipping record 60610-2022-19. Already exists in database.
2024/03/04 13:16:04 Skipping record 60610-2022-2. Already exists in database.
2024/03/04 13:16:04 Skipping record 60610-2022-20. Already exists in database.
2024/03/04 13:16:04 Skipping record 60610-2022-21. Already exists in database.
2024/03/04 13:16:04 Skipping record 60610-2022-22. Already exists in database.
2024/03/04 13:16:04 Skipping record 60610-2022-5. Already exists in database.
2024/03/04 13:16:04 Skipping record 60610-2023-22. Already exists in database.
2024/03/04 13:16:04 Skipping record 60610-2023-23. Already exists in database.
2024/03/04 13:16:04 Skipping record 60624-2023-34. Already exists in database.
2024/03/04 13:16:04 Skipping record 60624-2023-35. Already exists in database.
2024/03/04 13:16:04 Skipping record 60624-2023-36. Already exists in database.
2024/03/04 13:16:04 Skipping record 60624-2023-37. Already exists in database.
2024/03/04 13:16:04 Skipping record 60624-2023-38. Already exists in database.
2024/03/04 13:16:04 Skipping record 60624-2023-39. Already exists in database.
2024/03/04 13:16:04 Skipping record 60624-2023-4. Already exists in database.
2024/03/04 13:16:04 Skipping record 60624-2023-40. Already exists in database.
2024/03/04 13:16:04 Skipping record 60624-2023-41. Already exists in database.
2024/03/04 13:16:04 Skipping record 60624-2023-42. Already exists in database.
2024/03/04 13:16:04 Skipping record 60624-2023-43. Already exists in database.
2024/03/04 13:16:04 Skipping record 60624-2023-44. Already exists in database.
2024/03/04 13:16:04 Skipping record 60628-2024-5. Already exists in database.
2024/03/04 13:16:04 Skipping record 60660-2023-1. Already exists in database.
2024/03/04 13:16:04 Skipping record 60661-2023-1. Already exists in database.
2024/03/04 13:16:04 Skipping record 60666-2023-1. Already exists in database.
2024/03/04 13:16:04 Skipping record 60707-2023-1. Already exists in database.
2024/03/04 13:16:04 Skipping record yhhz-zm2v.json?row_id=Unknown-2023-1. Missing zip_code_location coordinates.
2024/03/04 13:16:04 Skipping record 60827-2023-1. Already exists in database.
2024/03/04 13:16:04 Finished Build Covid
