2024/03/04 13:16:02 Starting Build Unemployment
2024/03/04 13:16:02 Table unemployment created successfully
2024/03/04 13:16:02 Making API call: https://data.cityofchicago.org/resource/iqnk-2tcu.json
2024/03/04 13:16:02 Response: 200 OK
2024/03/04 13:16:02 Completed API pull.
2024/03/04 13:16:02 Number of Unemployment records: 77
2024/03/04 13:16:02 Starting pipeline to clean data and write to PostgreSQL.
2024/03/04 13:16:02 Skipping record 1. Already exists in database.
2024/03/04 13:16:02 Skipping record 2. Already exists in database.
2024/03/04 13:16:02 Skipping record 3. Already exists in database.
2024/03/04 13:16:02 Skipping record 4. Already exists in database.
2024/03/04 13:16:02 Skipping record 5. Already exists in database.
2024/03/04 13:16:02 Skipping record 6. Already exists in database.
2024/03/04 13:16:02 Skipping record 7. Already exists in database.
2024/03/04 13:16:02 Skipping record 8. Already exists in database.
2024/03/04 13:16:02 Skipping record 9. Already exists in database.
2024/03/04 13:16:02 Skipping record 10. Already exists in database.
2024/03/04 13:16:02 Skipping record 11. Already exists in database.
2024/03/04 13:16:02 Skipping record 12. Already exists in database.
2024/03/04 13:16:02 Skipping record 13. Already exists in database.
2024/03/04 13:16:02 Skipping record 14. Already exists in database.
2024/03/04 13:16:02 Skipping record 15. Already exists in database.
2024/03/04 13:16:02 Skipping record 16. Already exists in database.
2024/03/04 13:16:02 Skipping record 17. Already exists in database.
2024/03/04 13:16:02 Skipping record 18. Already exists in database.
2024/03/04 13:16:02 Skipping record 19. Already exists in database.
2024/03/04 13:16:02 Skipping record 20. Already exists in database.
2024/03/04 13:16:02 Skipping record 21. Already exists in database.
2024/03/04 13:16:02 Skipping record 22. Already exists in database.
2024/03/04 13:16:02 Skipping record 23. Already exists in database.
2024/03/04 13:16:02 Skipping record 24. Already exists in database.
2024/03/04 13:16:02 Skipping record 25. Already exists in database.
2024/03/04 13:16:02 Skipping record 26. Already exists in database.
2024/03/04 13:16:02 Skipping record 27. Already exists in database.
2024/03/04 13:16:02 Skipping record 28. Already exists in database.
2024/03/04 13:16:02 Skipping record 29. Already exists in database.
2024/03/04 13:16:02 Skipping record 30. Already exists in database.
2024/03/04 13:16:02 Skipping record 31. Already exists in database.
2024/03/04 13:16:03 Skipping record 32. Already exists in database.
2024/03/04 13:16:03 Skipping record 33. Already exists in database.
2024/03/04 13:16:03 Skipping record 34. Already exists in database.
2024/03/04 13:16:03 Skipping record 35. Already exists in database.
2024/03/04 13:16:03 Skipping record 36. Already exists in database.
2024/03/04 13:16:03 Skipping record 37. Already exists in database.
2024/03/04 13:16:03 Skipping record 38. Already exists in database.
2024/03/04 13:16:03 Skipping record 39. Already exists in database.
2024/03/04 13:16:03 Skipping record 40. Already exists in database.
2024/03/04 13:16:03 Skipping record 41. Already exists in database.
2024/03/04 13:16:03 Skipping record 42. Already exists in database.
2024/03/04 13:16:03 Skipping record 43. Already exists in database.
2024/03/04 13:16:03 Skipping record 44. Already exists in database.
2024/03/04 13:16:03 Skipping record 45. Already exists in database.
2024/03/04 13:16:03 Skipping record 46. Already exists in database.
2024/03/04 13:16:03 Skipping record 47. Already exists in database.
2024/03/04 13:16:03 Skipping record 48. Already exists in database.
2024/03/04 13:16:03 Skipping record 49. Already exists in database.
2024/03/04 13:16:03 Skipping record 50. Already exists in database.
2024/03/04 13:16:03 Skipping record 51. Already exists in database.
2024/03/04 13:16:03 Skipping record 52. Already exists in database.
2024/03/04 13:16:03 Skipping record 53. Already exists in database.
2024/03/04 13:16:03 Skipping record 54. Already exists in database.
2024/03/04 13:16:03 Skipping record 55. Already exists in database.
2024/03/04 13:16:03 Skipping record 56. Already exists in database.
2024/03/04 13:16:03 Skipping record 57. Already exists in database.
2024/03/04 13:16:03 Skipping record 58. Already exists in database.
2024/03/04 13:16:03 Skipping record 59. Already exists in database.
2024/03/04 13:16:03 Skipping record 60. Already exists in database.
2024/03/04 13:16:03 Skipping record 61. Already exists in database.
2024/03/04 13:16:03 Skipping record 62. Already exists in database.
2024/03/04 13:16:03 Skipping record 63. Already exists in database.
2024/03/04 13:16:03 Skipping record 64. Already exists in database.
2024/03/04 13:16:03 Skipping record 65. Already exists in database.
2024/03/04 13:16:03 Skipping record 66. Already exists in database.
2024/03/04 13:16:03 Skipping record 67. Already exists in database.
2024/03/04 13:16:03 Skipping record 68. Already exists in database.
2024/03/04 13:16:03 Skipping record 69. Already exists in database.
2024/03/04 13:16:03 Skipping record 70. Already exists in database.
2024/03/04 13:16:03 Skipping record 71. Already exists in database.
2024/03/04 13:16:03 Skipping record 72. Already exists in database.
2024/03/04 13:16:03 Skipping record 73. Already exists in database.
2024/03/04 13:16:03 Skipping record 74. Already exists in database.
2024/03/04 13:16:03 Skipping record 75. Already exists in database.
2024/03/04 13:16:03 Skipping record 76. Already exists in database.
2024/03/04 13:16:03 Skipping record 77. Already exists in database.
2024/03/04 13:16:03 Finished Build Unemployment
